Aug 04 14:14:00 Installed: wget-1.14-18.el7_6.1.x86_64
Aug 04 14:36:49 Updated: glibc-common-2.17-260.el7_6.6.x86_64
Aug 04 14:36:55 Updated: glibc-2.17-260.el7_6.6.x86_64
Aug 04 14:36:56 Installed: mpfr-3.1.1-4.el7.x86_64
Aug 04 14:36:57 Installed: libmpc-1.0.1-3.el7.x86_64
Aug 04 14:37:00 Installed: cpp-4.8.5-36.el7_6.2.x86_64
Aug 04 14:37:04 Installed: kernel-headers-3.10.0-957.27.2.el7.x86_64
Aug 04 14:37:06 Installed: glibc-headers-2.17-260.el7_6.6.x86_64
Aug 04 14:37:07 Installed: glibc-devel-2.17-260.el7_6.6.x86_64
Aug 04 14:37:13 Installed: gcc-4.8.5-36.el7_6.2.x86_64
Aug 04 14:37:48 Installed: m4-1.4.16-10.el7.x86_64
Aug 04 14:37:49 Installed: bison-3.0.4-2.el7.x86_64
Aug 04 14:38:42 Installed: flex-2.5.37-6.el7.x86_64
Aug 04 14:44:48 Installed: bc-1.06.95-13.el7.x86_64
Aug 04 14:56:09 Installed: 1:perl-parent-0.225-244.el7.noarch
Aug 04 14:56:09 Installed: perl-HTTP-Tiny-0.033-3.el7.noarch
Aug 04 14:56:09 Installed: perl-podlators-2.5.1-3.el7.noarch
Aug 04 14:56:09 Installed: perl-Pod-Perldoc-3.20-4.el7.noarch
Aug 04 14:56:10 Installed: 1:perl-Pod-Escapes-1.04-294.el7_6.noarch
Aug 04 14:56:10 Installed: perl-Text-ParseWords-3.29-4.el7.noarch
Aug 04 14:56:11 Installed: perl-Encode-2.51-7.el7.x86_64
Aug 04 14:56:11 Installed: perl-Pod-Usage-1.63-3.el7.noarch
Aug 04 14:56:12 Installed: 4:perl-libs-5.16.3-294.el7_6.x86_64
Aug 04 14:56:12 Installed: 4:perl-macros-5.16.3-294.el7_6.x86_64
Aug 04 14:56:13 Installed: perl-Storable-2.45-3.el7.x86_64
Aug 04 14:56:13 Installed: perl-Exporter-5.68-3.el7.noarch
Aug 04 14:56:13 Installed: perl-constant-1.27-2.el7.noarch
Aug 04 14:56:13 Installed: perl-Time-Local-1.2300-2.el7.noarch
Aug 04 14:56:13 Installed: perl-Carp-1.26-244.el7.noarch
Aug 04 14:56:13 Installed: 4:perl-Time-HiRes-1.9725-3.el7.x86_64
Aug 04 14:56:14 Installed: perl-PathTools-3.40-5.el7.x86_64
Aug 04 14:56:14 Installed: perl-Scalar-List-Utils-1.27-248.el7.x86_64
Aug 04 14:56:14 Installed: perl-File-Temp-0.23.01-3.el7.noarch
Aug 04 14:56:14 Installed: perl-File-Path-2.09-2.el7.noarch
Aug 04 14:56:15 Installed: perl-threads-shared-1.43-6.el7.x86_64
Aug 04 14:56:15 Installed: perl-threads-1.87-4.el7.x86_64
Aug 04 14:56:15 Installed: perl-Filter-1.49-3.el7.x86_64
Aug 04 14:56:15 Installed: perl-Socket-2.010-4.el7.x86_64
Aug 04 14:56:16 Installed: 1:perl-Pod-Simple-3.28-4.el7.noarch
Aug 04 14:56:16 Installed: perl-Getopt-Long-2.40-3.el7.noarch
Aug 04 14:56:25 Installed: 4:perl-5.16.3-294.el7_6.x86_64
Aug 04 14:58:08 Installed: kernel-devel-3.10.0-957.27.2.el7.x86_64
Aug 04 15:05:47 Installed: zlib-devel-1.2.7-18.el7.x86_64
Aug 04 15:05:47 Installed: elfutils-libelf-devel-0.172-2.el7.x86_64
Aug 04 15:09:59 Installed: libcom_err-devel-1.42.9-13.el7.x86_64
Aug 04 15:10:00 Installed: libsepol-devel-2.5-10.el7.x86_64
Aug 04 15:10:01 Installed: pcre-devel-8.32-17.el7.x86_64
Aug 04 15:10:02 Installed: libselinux-devel-2.5-14.1.el7.x86_64
Aug 04 15:10:02 Installed: libkadm5-1.15.1-37.el7_6.x86_64
Aug 04 15:10:02 Installed: libverto-devel-0.2.5-4.el7.x86_64
Aug 04 15:10:02 Installed: keyutils-libs-devel-1.5.8-3.el7.x86_64
Aug 04 15:10:03 Installed: krb5-devel-1.15.1-37.el7_6.x86_64
Aug 04 15:10:08 Installed: 1:openssl-devel-1.0.2k-16.el7_6.1.x86_64
